> [AVISO] MELHOR PALPITE: 92.391km
> [AVISO] MELHOR PALPITE: 0.698km
> [AVISO] MELHOR PALPITE: 0.698km
> [AVISO] MELHOR PALPITE: 0.090km
> [AVISO] MELHOR PALPITE: 0.090km
> [AVISO] MELHOR PALPITE: 0.090km
> [AVISO] MELHOR PALPITE: 0.090km
> [AVISO] MELHOR PALPITE: 0.045km
> [AVISO] MELHOR PALPITE: 0.045km
> [AVISO] MELHOR PALPITE: 0.045km
> [AVISO] MELHOR PALPITE: 0.045km
> [AVISO] MELHOR PALPITE: 0.045km

RANKING
-------
 1. orlando              :  0.045 km [FANTASTICO]
 2. alice2               :  0.090 km
 3. paschoal0            :  0.090 km
 4. lk12                 :  0.364 km
 5. marcel0              :  0.530 km
 6. rafael123            :  0.698 km
 7. beatriz              :  1.258 km
 8. manoeleo             : 23.765 km
 9. t_carolina           : 29.090 km
10. gloria_gloria        : 52.253 km
11. lana_ana             : 62.375 km
12. toninho              : 92.391 km