> [AVISO] MELHOR PALPITE: 4.124km
> [AVISO] MELHOR PALPITE: 2.972km
> [AVISO] MELHOR PALPITE: 2.972km
> [AVISO] MELHOR PALPITE: 2.038km
> [AVISO] MELHOR PALPITE: 2.038km
> [AVISO] MELHOR PALPITE: 2.038km
> [AVISO] MELHOR PALPITE: 2.038km
> [AVISO] MELHOR PALPITE: 2.038km
> [AVISO] MELHOR PALPITE: 2.038km
> [AVISO] MELHOR PALPITE: 2.038km
> [AVISO] MELHOR PALPITE: 2.038km
> [AVISO] MELHOR PALPITE: 2.038km
> [AVISO] MELHOR PALPITE: 2.038km
> [AVISO] MELHOR PALPITE: 2.038km
> [AVISO] MELHOR PALPITE: 2.038km
> [AVISO] MELHOR PALPITE: 0.220km
> [AVISO] MELHOR PALPITE: 0.220km
> [AVISO] MELHOR PALPITE: 0.220km
> [AVISO] MELHOR PALPITE: 0.220km
> [AVISO] MELHOR PALPITE: 0.220km

RANKING
-------
 1. StarRaven            :  0.220 km
 2. AquaVortex           :  2.038 km
 3. FrostSerpent         :  2.265 km
 4. NeoLion              :  2.478 km
 5. AuroraLynx           :  2.821 km
 6. PixelPenguin         :  2.972 km
 7. BlazePhoenix         :  3.431 km
 8. QuantumBee           :  3.558 km
 9. MysticOwl            :  3.677 km
10. ZenDragon            :  3.679 km
11. SolarEagle           :  3.690 km
12. NeonFalcon           :  3.962 km
13. LunarFox             :  4.124 km
14. CosmoCat             :  4.289 km
15. CobraNova            :  5.120 km
16. TurboTiger           :  5.430 km
17. VoltHawk             :  5.460 km
18. IronGolem            :  5.798 km
19. ShadowWolf           :  6.655 km
20. CrystalFox           :  6.786 km