> [AVISO] MELHOR PALPITE: 0.033km
> [AVISO] MELHOR PALPITE: 0.031km
> [AVISO] MELHOR PALPITE: 0.024km
> [AVISO] MELHOR PALPITE: 0.024km
> [AVISO] MELHOR PALPITE: 0.024km
> [AVISO] MELHOR PALPITE: 0.024km
> [AVISO] MELHOR PALPITE: 0.024km
> [AVISO] MELHOR PALPITE: 0.024km
> [AVISO] MELHOR PALPITE: 0.024km
> [AVISO] MELHOR PALPITE: 0.024km
> [AVISO] MELHOR PALPITE: 0.024km
> [AVISO] MELHOR PALPITE: 0.024km
> [AVISO] MELHOR PALPITE: 0.024km
> [AVISO] MELHOR PALPITE: 0.024km
> [AVISO] MELHOR PALPITE: 0.024km
> [AVISO] MELHOR PALPITE: 0.024km
> [AVISO] MELHOR PALPITE: 0.024km
> [AVISO] MELHOR PALPITE: 0.024km
> [AVISO] MELHOR PALPITE: 0.024km
> [AVISO] MELHOR PALPITE: 0.024km
> [AVISO] MELHOR PALPITE: 0.024km
> [AVISO] MELHOR PALPITE: 0.024km
> [AVISO] MELHOR PALPITE: 0.024km
> [AVISO] MELHOR PALPITE: 0.024km
> [AVISO] MELHOR PALPITE: 0.024km
> [AVISO] MELHOR PALPITE: 0.024km
> [AVISO] MELHOR PALPITE: 0.024km
> [AVISO] MELHOR PALPITE: 0.024km
> [AVISO] MELHOR PALPITE: 0.024km
> [AVISO] MELHOR PALPITE: 0.024km
> [AVISO] MELHOR PALPITE: 0.024km
> [AVISO] MELHOR PALPITE: 0.024km
> [AVISO] MELHOR PALPITE: 0.024km
> [AVISO] MELHOR PALPITE: 0.024km
> [AVISO] MELHOR PALPITE: 0.024km
> [AVISO] MELHOR PALPITE: 0.024km
> [AVISO] MELHOR PALPITE: 0.024km
> [AVISO] MELHOR PALPITE: 0.024km
> [AVISO] MELHOR PALPITE: 0.024km
> [AVISO] MELHOR PALPITE: 0.024km
> [AVISO] MELHOR PALPITE: 0.024km
> [AVISO] MELHOR PALPITE: 0.024km
> [AVISO] MELHOR PALPITE: 0.024km
> [AVISO] MELHOR PALPITE: 0.024km
> [AVISO] MELHOR PALPITE: 0.024km
> [AVISO] MELHOR PALPITE: 0.024km
> [AVISO] MELHOR PALPITE: 0.024km
> [AVISO] MELHOR PALPITE: 0.024km
> [AVISO] MELHOR PALPITE: 0.024km
> [AVISO] MELHOR PALPITE: 0.024km
> [AVISO] MELHOR PALPITE: 0.024km
> [AVISO] MELHOR PALPITE: 0.024km
> [AVISO] MELHOR PALPITE: 0.024km
> [AVISO] MELHOR PALPITE: 0.024km

RANKING
-------
 1. arren                :  0.024 km [FANTASTICO]
 2. tenar                :  0.031 km [FANTASTICO]
 3. ged                  :  0.033 km [FANTASTICO]
 4. cob                  :  0.714 km
 5. moss                 :  2.276 km
 6. kargad4              :  2.992 km
 7. sef6                 :  3.346 km
 8. vetch                :  3.417 km
 9. farseer4             :  3.478 km
10. torm4                :  3.911 km
11. farseer2             :  3.982 km
12. sef                  :  4.148 km
13. sparrowhawk          :  4.185 km
14. sef4                 :  4.530 km
15. kestrel              :  4.823 km
16. torm6                :  4.889 km
17. farseer3             :  5.434 km
18. lark                 :  5.608 km
19. pendor               :  5.851 km
20. kargad6              :  5.903 km
21. kargad2              :  5.938 km
22. sef2                 :  5.961 km
23. farseer              :  6.038 km
24. kargad               :  6.208 km
25. davenant2            :  6.276 km
26. davenant3            :  6.338 km
27. jareth               :  6.352 km
28. havnor               :  6.563 km
29. kestrel2             :  6.620 km
30. davenant4            :  7.197 km
31. nia                  :  7.439 km
32. farseer5             :  7.761 km
33. therru               :  7.832 km
34. roke                 :  7.929 km
35. davenant5            :  8.897 km
36. gont                 :  9.079 km
37. torm3                :  9.356 km
38. sersha               :  9.388 km
39. kargad5              :  9.474 km
40. torm                 :  9.762 km
41. kargad3              :  9.818 km
42. davenant             : 10.059 km
43. torm5                : 10.106 km
44. torm2                : 10.358 km
45. sef3                 : 10.506 km
46. yarrow               : 10.523 km
47. sef5                 : 10.780 km
48. serret               : 10.876 km
49. tehanu               : 10.956 km
50. lebannen             : 11.303 km
51. ogion                : 12.169 km
52. liriel               : 12.443 km
53. chiffon              : 13.295 km
54. davenant6            : 14.529 km