Custo minimo: 107449
Pontes reconstruidas:
31 - 32
59 - 60
95 - 96
71 - 72
43 - 44
83 - 84
18 - 19
53 - 54
20 - 21
28 - 29
87 - 88
14 - 15
63 - 64
99 - 100
35 - 36
75 - 76
47 - 48
39 - 40
79 - 80
3 - 4
91 - 92
67 - 68
24 - 25
7 - 8
97 - 98
50 - 51
33 - 34
61 - 62
22 - 23
57 - 58
60 - 78
10 - 11
41 - 42
81 - 82
29 - 30
93 - 94
69 - 70
13 - 14
88 - 89
36 - 37
64 - 65
76 - 77
16 - 17
48 - 49
55 - 56
26 - 27
73 - 74
45 - 46
85 - 86
66 - 67
8 - 9
78 - 79
38 - 39
90 - 91
1 - 50
51 - 52
2 - 51
3 - 52
4 - 53
25 - 26
5 - 54
6 - 55
7 - 56
8 - 57
94 - 95
17 - 18
70 - 71
10 - 59
42 - 43
12 - 61
82 - 83
13 - 62
74 - 75
14 - 63
5 - 6
16 - 65
17 - 66
27 - 28
46 - 47
98 - 99
20 - 69
11 - 12
86 - 87
22 - 71
34 - 35
24 - 73
23 - 24
9 - 10
29 - 78
32 - 33
31 - 80
32 - 81
44 - 45
96 - 97
84 - 85
38 - 87
41 - 90
92 - 93
40 - 41

