Arthas = {9,31,49,59,80,77,84,93,118,97,158,124,136,140,157,190,222,228,254,237,301,299,325,342}
Luna = {10,55,61,24,108,100,65,99,177,145,153,210,218,249,224,226,266,253,284,309,348,333}
Mira = {1,8,15,12,19,20,22,30,50,43,40,96,111,127,104,152,174,122,161,167,179,185,199,238,225,227,241,248,272,263,293,297,316,310,323,334,349}
Theo = {70,138,201,230,246,240,285,327,308}
Fenrir = {}
Sylvanas = {81,164,189,204,257,303,289}
Galahad = {29,14,38,89,116,35,58,66,98,101,128,178,132,148,195,182,180,207,247,288,262,274,305,286,291,341,350}
Tristan = {106,192,244,255,265,273,315}
Isolde = {4,21,23,28,34,39,41,103,86,112,154,119,168,159,187,216,206,221,219,235,276,283,336,339,338}
Merlin = {5,11,17,16,32,150,42,68,78,85,126,107,125,143,137,163,175,212,188,220,243,260,296,335,322,337,326,343}
Arthur = {115,160,295,275,298,321,329}
Gawain = {}
Lancelot = {}
Morgana = {18,44,26,102,71,92,72,123,131,113,184,149,151,196,209,234,252,292,317,318}
Elena = {}
Dorian = {2,3,47,13,25,51,82,52,33,76,87,109,114,139,146,183,110,171,193,169,162,197,213,223,215,245,236,264,269,294,306,314,324,330,346}
Selene = {}
Orion = {}
Helena = {280}
Cyrus = {62,83,121,63,73,88,155,198,202,242,239,250,278,290,287,331}
Ariadne = {57,64,105,170,117,191,203,256,251,312,320}
Leon = {6,54,37,36,56,60,74,67,91,133,176,144,147,166,173,194,259,267,268,261,258,271,340,302,332,345}
Freya = {46,95,141,172,200,211,231,277,304}
Dante = {79,134,90,120,181,208,232,233,282,281,307,328,344}
Valeria = {7,27,48,45,53,75,69,94,135,142,129,156,130,165,186,217,205,214,300,229,270,279,311,313,319,347}
Tempo mínimo: 934.83

Arthas = {}
Luna = {117,98,190,206,210,271,257,277,314,425,467,531,526,603,614}
Mira = {7,20,17,12,13,97,47,92,109,120,153,101,180,214,237,248,267,308,301,339,344,368,342,341,359,387,427,491,477,476,481,485,528,523,541,576,507,538,598,599,595,624,627,688,646,668,654,662,687}
Theo = {138,143,172,209,185,319,312,317,434,609,578,596}
Fenrir = {}
Sylvanas = {}
Galahad = {221,139,147,151,246,263,330,569,563}
Tristan = {175,170,216,218,280,559,617}
Isolde = {184,324}
Merlin = {8,42,24,44,76,52,41,58,63,152,154,158,163,204,199,230,264,274,329,278,322,369,340,363,393,418,414,416,426,440,447,470,499,502,525,580,542,543,585,601,621,608,643,634,663,637}
Arthur = {112}
Gawain = {}
Lancelot = {}
Morgana = {9,50,53,93,73,66,167,113,126,174,256,223,231,272,228,289,298,328,372,391,412,421,438,455,512,509,513,520,551,533,554,561,590,638,644,670,639,691}
Elena = {}
Dorian = {}
Selene = {}
Orion = {119}
Helena = {10,38,96,56,60,79,68,159,130,182,198,215,222,240,242,253,282,333,334,318,392,376,420,436,468,479,511,544,504,534,539,558,593,587,628,671}
Cyrus = {15,14,71,88,107,134,94,177,173,181,201,265,211,279,244,286,288,361,348,353,390,417,409,428,450,439,464,452,496,521,527,560,568,571,572,676,631,635,651,673}
Ariadne = {1,39,45,65,16,19,100,51,82,95,102,89,131,157,207,224,232,225,234,255,284,290,295,335,354,404,360,395,383,424,433,445,457,448,454,462,487,497,510,553,562,565,577,579,607,686,693,594,613,642,647,672,690,667,677,682}
Leon = {}
Freya = {146,176}
Dante = {}
Valeria = {}
Cassius = {21,81,105,72,69,111,115,191,186,243,245,233,258,285,302,316,366,323,336,371,419,386,422,488,478,490,517,501,549,529,574,620,641,653,700}
Athena = {2,28,36,54,40,25,23,110,144,106,104,108,155,156,132,161,162,202,129,193,205,219,226,249,269,309,307,310,325,291,321,352,355,370,411,406,385,401,403,442,435,460,469,518,530,535,537,545,600,650,645,684,622,626,657,649,675,655,674,689,698}
Odin = {}
Freyr = {}
Ragnar = {3,11,64,57,61,34,37,67,86,133,160,169,171,192,217,235,236,270,315,326,281,304,351,389,374,380,396,423,472,465,444,475,473,480,482,547,552,566,615,582,648,660,610,570,605,616,640,652,659,661,692}
Beatrice = {}
Victor = {}
Isabella = {4,46,33,48,35,78,70,136,142,124,127,166,122,140,178,238,259,260,239,275,300,262,306,327,350,345,382,388,398,402,437,459,441,453,483,484,498,505,519,522,556,575,619,597,591,623,656,694,696,669,681}
Marcus = {5,31,26,55,74,43,59,85,84,135,87,168,145,165,179,197,227,229,252,294,299,254,268,296,311,356,373,394,346,365,415,407,413,456,461,471,449,466,495,492,508,494,564,493,546,588,589,618,611,592,695,629,625,632,680,683,678,699}
Nina = {}
Lucius = {}
Aurora = {}
Evelyn = {}
Kieran = {123,29,99,90,137,116,203,220,208,187,241,287,292,338,362,367,343,357,384,400,431,432,451,458,474,514,503,524,550,606,658,697}
Soren = {}
Lysandra = {22,32,77,128,141,150,148,164,183,200,247,283,297,377,331,375,378,410,430,548,532,506,555,581,583,679}
Maxim = {30,62,121,149,196,195,276,266,250,305,347,364,381,399,443,446,536,516,586,604,567}
Thalia = {}
Gideon = {}
Seraphina = {}
Tobias = {}
Amara = {}
Jasper = {}
Celine = {}
Alaric = {6,18,49,80,83,75,27,114,118,103,125,91,188,189,194,273,212,213,251,261,293,303,320,313,337,332,349,358,379,408,397,405,429,463,489,500,515,486,540,557,602,573,584,630,612,664,666,685,636,633,665}
Tempo mínimo: 1361.33
