
-------------------

O BARALHO

-------------------

Ás de Paus
Dois de Paus
Três de Paus
Quatro de Paus
Cinco de Paus
Seis de Paus
Sete de Paus
Oito de Paus
Nove de Paus
Dez de Paus
Valete de Paus
Rainha de Paus
Rei de Paus
Ás de Copas
Dois de Copas
Três de Copas
Quatro de Copas
Cinco de Copas
Seis de Copas
Sete de Copas
Oito de Copas
Nove de Copas
Dez de Copas
Valete de Copas
Rainha de Copas
Rei de Copas
Ás de Espadas
Dois de Espadas
Três de Espadas
Quatro de Espadas
Cinco de Espadas
Seis de Espadas
Sete de Espadas
Oito de Espadas
Nove de Espadas
Dez de Espadas
Valete de Espadas
Rainha de Espadas
Rei de Espadas
Ás de Ouros
Dois de Ouros
Três de Ouros
Quatro de Ouros
Cinco de Ouros
Seis de Ouros
Sete de Ouros
Oito de Ouros
Nove de Ouros
Dez de Ouros
Valete de Ouros
Rainha de Ouros
Rei de Ouros

-------------------

TROCAS

-------------------

A carta Rei de Ouros
foi removida do deque 1 na posição fim e inserida no deque 2 na posição fim
A carta Rei de Ouros
foi removida do deque 2 na posição fim e inserida no deque 1 na posição inicio
A carta Rainha de Ouros
foi removida do deque 1 na posição fim e inserida no deque 2 na posição inicio
A carta Valete de Ouros
foi removida do deque 1 na posição fim e inserida no deque 2 na posição inicio
A carta Rainha de Ouros
foi removida do deque 2 na posição fim e inserida no deque 1 na posição fim

-------------------

O BARALHO

-------------------

Rei de Ouros
Ás de Paus
Dois de Paus
Três de Paus
Quatro de Paus
Cinco de Paus
Seis de Paus
Sete de Paus
Oito de Paus
Nove de Paus
Dez de Paus
Valete de Paus
Rainha de Paus
Rei de Paus
Ás de Copas
Dois de Copas
Três de Copas
Quatro de Copas
Cinco de Copas
Seis de Copas
Sete de Copas
Oito de Copas
Nove de Copas
Dez de Copas
Valete de Copas
Rainha de Copas
Rei de Copas
Ás de Espadas
Dois de Espadas
Três de Espadas
Quatro de Espadas
Cinco de Espadas
Seis de Espadas
Sete de Espadas
Oito de Espadas
Nove de Espadas
Dez de Espadas
Valete de Espadas
Rainha de Espadas
Rei de Espadas
Ás de Ouros
Dois de Ouros
Três de Ouros
Quatro de Ouros
Cinco de Ouros
Seis de Ouros
Sete de Ouros
Oito de Ouros
Nove de Ouros
Dez de Ouros
Rainha de Ouros
Valete de Ouros
