Caso 1:
Tamanho do colar: 18
Pedras ancestrais: (0.2921,576.9054),(0.5211,51.9185),(8.5740,0.3990),(736.3001,0.0618),(964.2462,0.5885),(998.4715,1.6429),(999.0113,19.1546),(999.9967,75.9732),(998.9951,632.5215),(997.7684,820.9252),(995.9827,986.2491),(963.6108,991.9295),(872.5819,997.2766),(615.3915,999.4709),(542.4291,999.6937),(7.0239,999.9885),(1.6476,735.2881),(1.3330,717.5974)

Caso 2:
Tamanho do colar: 18
Pedras ancestrais: (0.0243,857.7995),(0.1595,9.2855),(29.3816,3.1301),(260.8719,0.3930),(412.4628,0.2848),(838.7160,0.0503),(893.8957,0.7826),(941.9172,2.5794),(994.1261,9.9110),(998.5708,43.9773),(999.4186,145.9970),(999.6131,908.4226),(996.3977,970.5720),(975.5342,996.5222),(959.2228,999.2860),(357.3298,999.7365),(79.0683,999.8683),(5.9012,991.6108)

Caso 3:
Tamanho do colar: 24
Pedras ancestrais: (0.0920,428.6330),(0.1325,157.8878),(0.3093,59.3483),(1.1017,26.9109),(18.8499,16.2665),(156.7916,0.1668),(771.4073,0.0848),(965.7341,0.4554),(977.1671,0.7220),(997.5960,16.5559),(998.6764,23.4428),(999.1636,151.9889),(999.7928,648.1560),(998.6766,916.9790),(995.9304,982.5329),(995.2802,996.5219),(958.0740,998.3993),(644.6162,999.9655),(87.1772,999.5490),(31.5082,996.3821),(16.0878,973.3069),(6.0486,955.6767),(1.0045,913.5941),(0.3244,614.3198)

Caso 4:
Tamanho do colar: 24
Pedras ancestrais: (0.0460,767.3863),(0.5116,67.4236),(0.7708,49.5205),(5.9600,11.8501),(38.1623,0.7584),(388.1896,0.1339),(806.8434,0.2991),(897.2256,1.3713),(983.1488,3.6133),(989.5844,46.8227),(993.1723,95.0353),(997.2397,158.5109),(998.4074,180.2206),(999.9034,715.4427),(999.3905,981.8852),(993.6987,994.1971),(893.0527,996.2443),(617.9330,999.3833),(378.5139,999.7590),(177.6327,999.9518),(155.4656,999.8045),(33.5527,998.6147),(4.2612,992.9057),(0.4356,845.4427)

Caso 5:
Tamanho do colar: 18
Pedras ancestrais: (0.0657,808.3586),(1.0883,47.2187),(3.1972,21.5379),(11.3974,3.4658),(256.8185,0.2113),(929.0075,1.0075),(955.2232,3.2279),(998.4630,17.0218),(998.8769,137.8666),(999.4719,567.7177),(999.8253,853.8605),(999.7711,934.9748),(997.2214,999.3271),(732.6967,999.5486),(436.9138,999.7489),(11.5464,999.3386),(10.3934,997.2741),(8.2069,974.3546)

Caso 6:
Tamanho do colar: 24
Pedras ancestrais: (0.2342,531.5984),(1.1330,81.8927),(4.3608,14.2145),(31.2597,1.0214),(116.0295,0.5493),(980.3119,0.0845),(991.6772,22.3193),(994.6185,37.4767),(996.0541,67.0737),(998.6047,274.1172),(999.4889,405.8606),(998.9152,635.7994),(998.1781,826.1696),(993.9872,982.5089),(991.1995,998.1628),(950.2105,998.9377),(269.4469,999.3400),(124.4243,999.3564),(38.9648,999.3135),(10.1805,998.1855),(6.3151,964.3215),(2.8580,873.3971),(1.5430,827.9680),(0.6384,710.0527)

Caso 7:
Tamanho do colar: 24
Pedras ancestrais: (0.1916,327.1486),(0.6458,172.4458),(1.7545,72.8704),(17.1288,0.6730),(677.8662,0.3048),(936.5308,0.7265),(958.2230,2.4106),(994.1238,14.7442),(998.4266,48.6509),(999.9233,189.8878),(999.7804,622.2478),(999.7556,664.3602),(999.2012,904.1860),(998.1662,969.7963),(994.7290,998.0368),(511.5587,999.2362),(251.5907,999.1505),(62.1614,998.5431),(27.4626,994.3265),(7.3825,965.5253),(4.3118,912.1522),(2.5992,876.6363),(1.5201,834.5685),(0.2140,737.7136)

Caso 8:
Tamanho do colar: 24
Pedras ancestrais: (0.2048,711.9926),(0.9981,186.3939),(2.8122,64.1910),(14.1767,6.1609),(30.7310,3.0680),(134.6469,2.3013),(404.5238,0.3788),(842.9103,0.4585),(901.9997,0.9241),(923.1202,2.5643),(966.0958,7.5276),(993.8211,20.7654),(996.4828,25.8395),(999.2263,89.8544),(999.5723,263.0961),(999.9920,648.7454),(999.5313,806.3727),(997.6115,965.6349),(995.7227,995.0543),(991.0541,998.9735),(858.9115,999.6740),(47.2128,999.9512),(11.2478,998.8342),(0.4105,998.0026)

Caso 9:
Tamanho do colar: 22
Pedras ancestrais: (0.2703,130.5286),(0.3461,9.9832),(2.8997,4.3646),(25.5112,0.9107),(129.2756,0.1241),(770.7147,0.0629),(943.1321,0.2423),(997.8097,1.5203),(999.2893,179.3010),(999.9041,638.5389),(999.8834,897.6661),(988.8155,980.2655),(913.6822,992.2262),(869.4129,996.3379),(742.0613,999.3398),(402.9930,999.9319),(92.4799,998.8037),(16.7902,994.2353),(6.2572,992.6362),(2.3007,967.2662),(1.2721,917.0795),(0.3647,423.5995)

Caso 10:
Tamanho do colar: 21
Pedras ancestrais: (0.2125,520.0885),(0.6473,323.3800),(1.8283,76.6433),(4.2280,33.2048),(19.3162,0.5102),(449.5728,0.1257),(581.9507,0.0656),(774.8148,0.0969),(953.7544,3.3106),(990.7532,8.2454),(999.6551,25.5818),(999.8291,991.6739),(970.5189,995.5501),(945.2204,997.9239),(773.9988,998.9999),(696.0261,999.1731),(556.3237,999.4463),(286.2276,999.6332),(77.3509,998.8138),(22.7733,995.6737),(1.2650,985.9569)

Caso 11:
Tamanho do colar: 26
Pedras ancestrais: (0.0795,536.9050),(0.2162,402.1368),(1.3292,71.5607),(6.8937,4.8898),(11.4373,1.1205),(426.0009,0.3071),(661.7541,0.0314),(853.8007,0.1334),(957.2486,0.6619),(969.2158,2.9136),(989.2557,16.2617),(992.7247,27.7825),(996.3389,43.9501),(998.7859,140.4391),(999.9169,610.9355),(999.9131,944.0922),(977.2627,980.1647),(965.2218,996.4995),(826.2052,999.6654),(712.4754,999.7704),(231.8219,999.9275),(72.1648,997.2710),(29.3149,990.5566),(18.8927,983.9691),(1.5078,908.2362),(0.6317,766.6629)

Caso 12:
Tamanho do colar: 23
Pedras ancestrais: (0.3821,815.2318),(1.1809,75.7382),(1.3352,62.2064),(5.9841,6.8901),(18.2908,4.9931),(96.8897,2.8798),(354.8894,0.4797),(897.5557,0.0280),(958.5346,1.5432),(992.5972,19.5933),(998.5890,142.0671),(998.9831,158.6660),(999.6365,242.2425),(999.9286,569.9544),(999.7576,932.0238),(997.3490,987.6537),(996.4789,992.0731),(988.0487,999.6667),(336.6639,999.3243),(122.3497,997.7769),(56.6544,995.9514),(15.7328,993.1172),(3.7012,884.3758)

Caso 13:
Tamanho do colar: 26
Pedras ancestrais: (0.3511,82.9333),(2.6297,7.1815),(22.2930,2.2610),(51.2477,0.3478),(515.7389,0.5075),(592.8141,0.5624),(873.7628,1.0413),(999.3804,4.0212),(999.9444,125.9581),(999.9779,812.8569),(997.2120,939.5683),(994.5815,949.4577),(968.9175,989.1082),(950.8544,994.6552),(935.1471,995.3621),(877.6294,997.8041),(513.7790,999.7455),(374.3345,999.4324),(156.4237,998.8342),(145.1619,998.7315),(71.3507,997.3557),(8.8167,987.0546),(2.4744,962.5151),(1.8914,918.2276),(0.8563,827.8715),(0.5629,435.1118)

Caso 14:
Tamanho do colar: 24
Pedras ancestrais: (0.1394,337.8077),(0.2597,251.0213),(0.9294,102.3034),(7.3702,2.9967),(37.7926,0.2914),(743.9837,1.3231),(946.3824,2.3942),(977.9236,12.1135),(998.0606,28.4180),(998.7988,57.2421),(999.4478,113.6049),(999.7271,158.8709),(999.1821,583.3914),(998.7153,781.4962),(996.9058,996.0645),(951.9245,999.2183),(736.4978,999.5968),(457.1945,999.7334),(216.0973,998.4427),(72.8925,992.2022),(11.6894,987.0520),(6.6687,976.9484),(3.8359,953.7515),(1.0237,881.2439)

Caso 15:
Tamanho do colar: 19
Pedras ancestrais: (0.1351,158.4659),(2.0769,104.3370),(8.1298,53.3435),(15.5549,27.7833),(31.2094,5.7929),(149.1992,1.3606),(185.0176,0.4081),(556.6554,0.3285),(745.9577,0.4618),(974.2896,1.6541),(997.7182,4.6681),(999.9836,92.1130),(999.9383,840.1334),(992.5401,960.4441),(975.9722,999.9970),(89.0921,999.7398),(34.4110,998.9589),(4.4776,995.6458),(0.3249,806.6046)

