Caso 1:
Tamanho do colar: 18
Pedras ancestrais: (305.2209,670887.0536),(472.7211,512078.1936),(1274.7818,4021.7179),(42790.1364,75.0748),(595065.4797,369.5509),(859145.2194,573.7182),(979313.1538,2031.4821),(982640.0651,2833.2450),(987676.4179,7466.1120),(999590.2111,30929.2801),(999498.6903,851391.4738),(998619.9575,910990.4790),(996920.1063,996389.7196),(975846.7434,999949.1397),(194203.3167,999859.6530),(6547.0052,997915.6139),(1469.9130,868770.5480),(1324.4009,858851.2957)

Caso 2:
Tamanho do colar: 19
Pedras ancestrais: (69.4456,212563.7420),(74.9970,54094.4794),(4509.7955,17486.5366),(84863.0185,90.0089),(996354.8042,1056.5767),(998199.4887,19644.8525),(999476.7705,64109.2601),(999634.5955,450671.9539),(999093.4404,748429.7141),(992295.8355,920626.9393),(988067.7933,952312.1974),(980942.3886,961750.4692),(956637.2641,988514.3055),(947734.7179,998073.2227),(786868.8699,999105.4521),(116340.5374,999474.1326),(44104.3088,984881.9194),(21935.0718,980294.3488),(2105.0561,957833.5641)

Caso 3:
Tamanho do colar: 20
Pedras ancestrais: (303.6352,454059.5319),(2608.4473,251582.5481),(13199.4223,57482.3834),(16386.8702,42061.9460),(27186.3195,34656.3847),(83182.2755,1326.3487),(773053.8567,1601.3837),(969009.3223,21752.1298),(994432.3063,26987.2400),(995992.6427,63232.6696),(998944.5916,597019.7020),(992294.9988,886046.8063),(987263.5303,970050.9596),(979664.7569,992776.3144),(923081.0344,998892.0451),(672863.8384,999586.4150),(57947.1277,999119.5342),(24727.5469,938567.0308),(5948.7917,888695.5582),(860.3721,707985.7743)

Caso 4:
Tamanho do colar: 13
Pedras ancestrais: (5304.3181,214558.4980),(14802.4630,114088.5265),(60653.6850,25088.0971),(307559.0171,4828.0648),(799520.5477,4001.3234),(996461.1918,42697.6473),(995063.4913,939344.7506),(993710.4526,983820.2625),(793303.0981,985996.7305),(534155.0296,979014.6378),(234861.6457,964524.6809),(126324.3787,944681.8149),(35949.8883,864800.2614)

Caso 5:
Tamanho do colar: 16
Pedras ancestrais: (5237.9126,367384.4693),(11984.9778,99429.0020),(24305.1571,67608.6661),(54534.8815,23641.7969),(70670.9661,15389.8332),(298746.8185,959.6699),(980503.6672,983.8246),(993669.1912,59658.1576),(999087.5281,278863.0631),(999959.6536,583668.0795),(999229.0722,637977.4847),(983011.0498,938208.7718),(951688.8174,987169.1514),(739011.7670,997744.8066),(194910.0331,998758.7351),(13362.1778,918104.9625)

Caso 6:
Tamanho do colar: 14
Pedras ancestrais: (4463.5866,666087.0040),(33643.4579,417169.5044),(107942.5031,18077.9694),(270263.2714,4293.6396),(809296.6728,26563.7668),(993924.3245,157347.1649),(997747.6911,867228.5517),(985626.1435,934910.2347),(905408.7807,948751.7418),(480861.0250,968851.5800),(437893.6361,970247.1434),(240933.6385,965036.8964),(111977.8793,941627.4496),(5950.1993,912457.3458)

Caso 7:
Tamanho do colar: 10
Pedras ancestrais: (54812.7141,597364.7578),(90207.2579,261519.4462),(204768.4393,134538.3136),(344812.6291,53076.7233),(904005.5616,12968.5098),(978837.4865,327763.4048),(906440.0101,908426.8070),(851260.7626,953995.6031),(94597.6895,947061.5632),(58870.6995,868881.1080)

Caso 8:
Tamanho do colar: 6
Pedras ancestrais: (27095.9552,197108.3884),(805741.7249,29399.3822),(970722.2332,512312.8404),(949388.9461,914425.6453),(442630.6419,958092.5709),(91254.0840,953414.7679)

Caso 9:
Tamanho do colar: 7
Pedras ancestrais: (229226.8289,305498.5091),(352208.1819,124217.4833),(464920.7072,116321.7643),(640544.2247,459632.5635),(781230.5750,750299.0202),(460715.9233,891253.9674),(280169.2883,766757.1124)

Caso 10:
Tamanho do colar: 6
Pedras ancestrais: (314285.5736,374188.9150),(636703.1905,209537.5197),(952706.9389,228229.6678),(972600.4142,365133.4798),(969672.6933,770594.1239),(898060.6067,971536.5587)

Caso 11:
Tamanho do colar: 8
Pedras ancestrais: (118290.9071,935333.6433),(208150.8426,451361.7772),(373412.4110,261517.9470),(539658.0616,234919.8555),(625128.9337,235654.0934),(777372.8738,319392.0486),(831220.7482,395677.9812),(950785.1176,940720.8025)

Caso 12:
Tamanho do colar: 6
Pedras ancestrais: (13505.0806,277216.5987),(20184.8081,8187.4015),(818197.7217,486077.9280),(798393.8384,908789.1294),(371110.4992,942716.0312),(41552.4427,903781.6474)

Caso 13:
Tamanho do colar: 5
Pedras ancestrais: (175985.5473,296786.7311),(263332.1819,206397.9526),(350487.5081,130256.1992),(956954.3817,141018.2325),(745800.0880,299232.5743)

Caso 14:
Tamanho do colar: 7
Pedras ancestrais: (26844.5488,147523.3699),(585270.5719,149110.0567),(746015.0420,640635.6973),(763618.9759,761415.1165),(164172.8284,901917.0088),(87590.5777,856636.9316),(73061.3975,799010.1227)

Caso 15:
Tamanho do colar: 9
Pedras ancestrais: (83918.0376,299839.7793),(84709.3355,25916.4050),(470543.0363,55029.1924),(938674.1944,242630.3422),(865941.3099,732681.7918),(714696.9087,809271.4563),(276395.2629,899400.3324),(177967.4335,860913.0359),(90255.7683,683053.3801)

Caso 16:
Tamanho do colar: 7
Pedras ancestrais: (17621.2798,938541.7898),(289617.1044,134817.5437),(632912.7285,126915.2773),(998946.6328,251190.3947),(774430.8312,736102.4215),(640605.1340,803637.6705),(196449.8183,910589.0793)

Caso 17:
Tamanho do colar: 7
Pedras ancestrais: (55484.2825,559396.3166),(63051.8952,24042.8991),(799795.5234,8871.9211),(903910.6762,210244.9743),(900654.5623,507173.0623),(742856.6889,985931.1579),(416695.4818,897593.3130)

Caso 18:
Tamanho do colar: 8
Pedras ancestrais: (15025.7634,687659.4107),(111393.0127,224733.0853),(267487.7016,8263.5244),(428449.4831,69025.9602),(966038.8583,350450.0828),(997763.9255,602474.1761),(373679.7737,812289.0924),(19975.8123,695472.3273)

Caso 19:
Tamanho do colar: 5
Pedras ancestrais: (97089.3318,834305.7007),(115609.6414,173092.3824),(211464.1451,77225.7543),(975716.3584,483622.7458),(796724.0624,916011.2968)

Caso 20:
Tamanho do colar: 5
Pedras ancestrais: (71179.8521,701055.0969),(266336.0258,479088.3001),(541537.4534,424045.7978),(994652.6794,361798.0123),(553693.9703,628492.1026)

Caso 21:
Tamanho do colar: 7
Pedras ancestrais: (24094.4660,914109.2956),(83782.3190,345887.3648),(105745.9210,197341.5202),(721925.3285,21550.3700),(801981.9341,279962.5484),(829807.0387,620166.0195),(185304.6966,900395.4011)

Caso 22:
Tamanho do colar: 4
Pedras ancestrais: (104989.3014,99847.6188),(225409.4720,127957.2634),(925757.9212,500682.1824),(576695.0670,918776.5976)

Caso 23:
Tamanho do colar: 6
Pedras ancestrais: (107651.1812,215541.0518),(405286.8721,98620.9670),(951029.5148,363384.5338),(843052.2063,664307.4194),(438973.6894,624254.0242),(117985.2841,270898.6957)

Caso 24:
Tamanho do colar: 6
Pedras ancestrais: (64767.6796,853583.4489),(113625.2616,268396.4804),(842065.0575,114346.4960),(995935.5111,992475.3023),(419383.1664,962846.8849),(81101.2963,927433.9815)

Caso 25:
Tamanho do colar: 7
Pedras ancestrais: (7295.5617,985595.5832),(82102.4426,516672.1820),(670221.8108,24347.3331),(859312.9266,210174.5039),(964203.0548,790552.8295),(961526.3089,880383.3221),(835646.3662,931157.4527)

Caso 26:
Tamanho do colar: 7
Pedras ancestrais: (63670.0584,612186.0714),(274998.6168,180158.5426),(815315.1207,27241.5640),(843431.3821,36819.3215),(850104.8194,575388.7209),(314697.2981,858301.9527),(122062.8256,833161.5704)

Caso 27:
Tamanho do colar: 5
Pedras ancestrais: (5774.2191,556307.7912),(211955.6362,215083.6071),(963553.2807,5939.3495),(709236.6474,635521.4807),(430846.0011,980152.1408)

Caso 28:
Tamanho do colar: 8
Pedras ancestrais: (5372.1954,631584.3818),(44018.7373,342788.0874),(108107.7832,233619.2148),(465954.2097,58053.3806),(524997.0827,38155.2203),(900035.9614,711527.1919),(897907.8448,883746.3718),(351079.2239,887099.9794)

Caso 29:
Tamanho do colar: 5
Pedras ancestrais: (16560.5197,782378.3644),(64412.6651,299364.9399),(487110.3221,23018.8966),(829766.6962,224781.8893),(988060.2805,902144.9264)

Caso 30:
Tamanho do colar: 7
Pedras ancestrais: (16890.7925,14083.4634),(795351.7564,165590.4176),(823104.1978,803159.1694),(762215.2597,973930.3375),(537706.7544,984732.0428),(229892.2948,572930.5986),(126122.4279,301152.0203)

Caso 31:
Tamanho do colar: 6
Pedras ancestrais: (25682.5442,395955.2234),(62728.1427,291228.0965),(218631.1307,130780.2152),(984117.9995,45490.5684),(999848.4710,799948.0618),(337699.8612,826168.1201)

Caso 32:
Tamanho do colar: 8
Pedras ancestrais: (57650.5143,260912.0411),(596048.5330,29679.7245),(826066.8010,70385.7614),(985158.8253,202424.3211),(973048.0998,393262.0744),(836977.3523,650885.1275),(288659.9860,796976.0795),(89082.4965,336933.6976)

Caso 33:
Tamanho do colar: 8
Pedras ancestrais: (150366.5040,116210.0662),(313831.9863,62298.0393),(878412.2042,40201.4868),(926870.8051,53966.5035),(982307.7213,110356.0200),(906758.0639,888516.0573),(747276.5346,988099.7812),(245542.8244,367944.0981)

Caso 34:
Tamanho do colar: 5
Pedras ancestrais: (253361.6276,70705.8293),(693527.8199,233658.0362),(987980.2817,591086.7801),(711486.1509,696926.5500),(313530.1635,562845.5918)

Caso 35:
Tamanho do colar: 5
Pedras ancestrais: (6287.3008,727111.3477),(35957.6132,401866.1987),(328149.1928,74910.1088),(978696.1622,381087.9847),(692651.5110,982536.3042)

Caso 36:
Tamanho do colar: 11
Pedras ancestrais: (87360.6564,345340.7426),(218911.0555,24433.4700),(653253.5908,7017.4224),(782802.8439,2176.3228),(970082.9928,720903.5588),(913195.5789,868009.0700),(810307.7483,936320.4477),(705720.8276,956665.7397),(503504.0660,963798.3573),(338682.8936,877785.4583),(222224.1675,730479.1066)

Caso 37:
Tamanho do colar: 6
Pedras ancestrais: (38517.7057,513260.8283),(220977.9279,31507.2736),(539517.7310,11975.4301),(985626.2738,461515.6756),(597913.5537,801534.9538),(41908.0217,780498.6150)

Caso 38:
Tamanho do colar: 5
Pedras ancestrais: (253248.3129,167217.6977),(404421.5229,181599.8224),(811858.2571,391400.7324),(915952.7914,993156.5887),(289432.9137,846520.9290)

Caso 39:
Tamanho do colar: 6
Pedras ancestrais: (36347.8905,312913.8427),(386322.3725,52309.6739),(758053.0017,744960.0644),(470923.2396,934251.0363),(367707.5526,940059.9439),(81096.5189,887534.6658)

Caso 40:
Tamanho do colar: 5
Pedras ancestrais: (218735.5497,514301.4764),(484273.2814,13777.1771),(788025.6564,168461.9191),(973847.2826,344784.9421),(288620.9127,713993.9100)

Caso 41:
Tamanho do colar: 6
Pedras ancestrais: (16168.7168,605809.7491),(178296.3153,278124.2986),(739319.6833,105441.9911),(854568.8984,349583.0795),(953952.7932,917968.3595),(51760.5073,934619.6543)

Caso 42:
Tamanho do colar: 6
Pedras ancestrais: (2882.3665,19093.0646),(512201.1492,15559.4544),(915327.7561,38024.5792),(887237.2412,815247.7928),(877387.1371,974306.3303),(262417.6525,818188.0887)

Caso 43:
Tamanho do colar: 6
Pedras ancestrais: (93980.7591,197504.5282),(958791.5461,107787.4182),(982182.2036,501947.2949),(961157.6169,991001.2824),(375418.5433,950180.8260),(193974.8387,931847.9807)

Caso 44:
Tamanho do colar: 6
Pedras ancestrais: (95581.6676,880147.2090),(780326.9280,98117.0966),(921561.1025,75236.2175),(971771.5623,771028.7581),(950080.4439,962759.1965),(382268.2718,954384.3949)

Caso 45:
Tamanho do colar: 7
Pedras ancestrais: (30699.1707,593533.1484),(75739.6383,166485.3767),(887085.7897,69453.3272),(875244.9448,173182.7696),(778481.6904,917751.5725),(475207.3072,926642.3584),(36462.6294,875507.4574)

Caso 46:
Tamanho do colar: 6
Pedras ancestrais: (531661.5473,921147.9189),(598068.6000,311631.2170),(653569.3493,9335.6848),(893331.9422,73582.5203),(904784.5280,775723.7263),(612493.2424,950779.3298)

Caso 47:
Tamanho do colar: 5
Pedras ancestrais: (174599.9745,147180.9045),(380387.1563,82889.0754),(857018.7053,81668.9401),(914599.1833,330646.3739),(683545.8804,857563.2804)

Caso 48:
Tamanho do colar: 6
Pedras ancestrais: (32935.0919,238502.1846),(56864.1233,76310.0417),(956820.1677,163781.4154),(906033.0030,750599.6302),(534144.4941,976491.0133),(107029.7535,737703.3484)

Caso 49:
Tamanho do colar: 8
Pedras ancestrais: (149437.3184,90029.0762),(908069.9028,20742.9518),(960971.3318,479191.1536),(781855.9735,685256.7018),(472706.3180,880217.0560),(304578.3259,981322.5306),(205291.3171,833791.3336),(180691.2412,575744.5771)

Caso 50:
Tamanho do colar: 7
Pedras ancestrais: (35621.0075,37514.5932),(981390.7929,67108.3677),(973693.4457,657859.4771),(768269.6743,934720.4914),(481812.7110,973319.8007),(289485.1267,984686.8154),(62115.8213,913493.7086)

Caso 51:
Tamanho do colar: 4
Pedras ancestrais: (145432.5639,768826.0906),(169169.3954,273258.2839),(505395.8222,359763.8653),(240889.4954,929592.9514)

Caso 52:
Tamanho do colar: 9
Pedras ancestrais: (34481.1391,983727.1933),(41234.0196,429723.5226),(186140.0493,37977.2952),(242115.3159,34029.7904),(387434.7151,43863.7870),(771308.4002,477106.6894),(897519.9991,623429.1957),(821364.5831,963870.9078),(201332.7181,987887.7649)

Caso 53:
Tamanho do colar: 6
Pedras ancestrais: (269987.1689,849029.1046),(423690.6629,28773.5775),(883304.5196,90449.8208),(963671.9001,359555.4083),(715728.8506,765069.5538),(354769.2967,862666.9672)

Caso 54:
Tamanho do colar: 8
Pedras ancestrais: (67913.3229,289726.7620),(86638.5187,199576.0728),(152636.7644,2300.6091),(884963.0658,11748.5213),(901272.1635,55775.8862),(801249.6882,642869.8707),(685703.9565,725403.2002),(369474.1716,883275.5043)

Caso 55:
Tamanho do colar: 6
Pedras ancestrais: (81483.4289,291182.7921),(942292.9237,58447.7684),(996796.2149,207006.5317),(881472.7505,784681.1219),(771831.1844,829566.8457),(284909.4044,476560.9946)

Caso 56:
Tamanho do colar: 5
Pedras ancestrais: (163464.1425,756041.2970),(175053.3303,286780.1012),(615184.8396,3353.9574),(974729.0351,15950.0335),(733897.1616,888525.1131)

Caso 57:
Tamanho do colar: 5
Pedras ancestrais: (109078.0157,77238.2221),(902979.7644,120984.4333),(999884.4436,825250.0018),(302587.1853,896188.8630),(151490.2459,865746.4903)

Caso 58:
Tamanho do colar: 5
Pedras ancestrais: (34954.6981,307115.1401),(300951.4838,79795.9376),(854223.1069,227022.4666),(612683.6663,401505.3369),(169681.9629,582140.9933)

Caso 59:
Tamanho do colar: 5
Pedras ancestrais: (84680.1006,549390.6000),(342094.1247,3043.8031),(473396.2537,71651.3878),(698847.2600,313652.7529),(760440.9588,965693.0130)

Caso 60:
Tamanho do colar: 5
Pedras ancestrais: (156371.1590,84475.8298),(820547.7303,159879.3616),(954798.7015,441840.8823),(557856.9458,889002.7059),(339647.2646,934269.0738)

Caso 61:
Tamanho do colar: 7
Pedras ancestrais: (107317.8004,633149.4641),(142159.6564,213766.8891),(569689.4395,55122.8393),(847908.8887,372627.7278),(803064.9801,802224.9430),(389764.6664,978767.2668),(127931.5263,792895.4098)

Caso 62:
Tamanho do colar: 8
Pedras ancestrais: (93812.9496,803128.1928),(174630.6253,336111.7999),(536932.4879,527.0930),(857711.3994,441442.6764),(939707.4287,616139.9344),(923788.2696,646929.3354),(433776.4856,917315.0232),(99266.2441,814731.5019)

Caso 63:
Tamanho do colar: 5
Pedras ancestrais: (109052.9717,130872.8098),(677006.0095,122199.5533),(869564.1006,808192.7329),(382666.2821,969573.7292),(163723.5356,722729.0407)

Caso 64:
Tamanho do colar: 6
Pedras ancestrais: (12499.9053,621789.1073),(220040.3851,72687.2187),(822535.5837,13055.2204),(988052.3957,582888.1473),(901709.3175,840277.0901),(827340.9961,984885.0075)

Caso 65:
Tamanho do colar: 7
Pedras ancestrais: (71027.8476,232372.2361),(548667.5749,107187.8076),(720924.1545,100658.0063),(870339.7478,384609.8618),(998119.4684,905943.5844),(865013.7802,947171.8661),(216618.1122,977068.6235)

Caso 66:
Tamanho do colar: 6
Pedras ancestrais: (56556.3412,899465.4405),(230648.0675,323697.9552),(493850.8769,43496.7275),(927784.6233,591855.6721),(857729.4619,892689.8136),(136260.7276,940239.0252)

Caso 67:
Tamanho do colar: 8
Pedras ancestrais: (88033.4627,776846.6246),(97857.7469,401675.6605),(113078.2653,228170.2569),(733723.1224,70151.8698),(962006.8942,208640.8131),(968129.5195,800642.5850),(846288.1925,951604.6068),(441878.6435,979666.0366)

Caso 68:
Tamanho do colar: 4
Pedras ancestrais: (153043.8044,66559.8984),(919530.1268,545610.8422),(679022.6606,702931.7423),(208035.5703,396782.0699)

Caso 69:
Tamanho do colar: 6
Pedras ancestrais: (214313.2805,576821.8154),(593430.0780,161236.5499),(800217.8095,152521.5932),(957795.3022,287558.5397),(890364.6183,570599.9835),(529572.3497,869280.8027)

Caso 70:
Tamanho do colar: 7
Pedras ancestrais: (80948.8404,154000.8141),(646644.5868,34772.9155),(993421.0583,818398.2873),(836482.4098,992996.8999),(786476.0983,995452.2909),(132121.8980,952127.2782),(111431.7186,726409.2711)

Caso 71:
Tamanho do colar: 6
Pedras ancestrais: (31008.2957,956435.8561),(55091.8748,335071.5679),(214749.8498,189805.6899),(478032.9632,170497.0111),(463659.3433,270635.3821),(349767.5249,783336.9804)

Caso 72:
Tamanho do colar: 8
Pedras ancestrais: (22410.0253,244040.2877),(711644.2092,40282.5625),(784040.7348,145257.5230),(933028.1705,517936.6571),(915089.1281,993935.4868),(514131.1961,987411.8378),(218856.0227,951086.5715),(81881.4438,598416.0693)

Caso 73:
Tamanho do colar: 7
Pedras ancestrais: (22558.4431,962817.6373),(107247.7577,234516.9895),(201567.1724,185448.5292),(468499.4514,66513.9802),(637413.9332,85225.2491),(836151.1610,148337.1950),(914253.0940,658751.0212)

Caso 74:
Tamanho do colar: 4
Pedras ancestrais: (225728.6463,565946.6546),(386402.9673,82196.6827),(756432.1942,264035.6161),(743773.4930,792165.7537)

Caso 75:
Tamanho do colar: 6
Pedras ancestrais: (187259.1921,281288.8439),(389921.4900,142181.8399),(924511.1109,9782.1150),(964670.1311,674054.9343),(871008.4594,788687.2208),(406507.1116,844939.2239)

Caso 76:
Tamanho do colar: 5
Pedras ancestrais: (526663.7033,731776.8075),(683417.0699,270867.3981),(829263.1913,148732.8156),(911990.5634,484779.5367),(907877.4959,671135.0529)

Caso 77:
Tamanho do colar: 5
Pedras ancestrais: (147698.4633,988280.2482),(365055.3077,609237.8275),(715856.7207,238784.7853),(958542.3566,300346.4023),(839082.0976,878070.1252)

Caso 78:
Tamanho do colar: 6
Pedras ancestrais: (76723.6295,503204.7115),(223341.8525,381006.9367),(962303.1084,61458.6269),(974128.5125,362857.3878),(931548.9503,824357.4181),(465480.2009,666620.5881)

Caso 79:
Tamanho do colar: 7
Pedras ancestrais: (50035.6048,517310.2055),(72666.5138,215328.1309),(126408.2311,5415.3912),(656631.1152,114121.4752),(743018.0826,342456.0161),(902652.6831,775228.8950),(237857.2580,968668.3870)

Caso 80:
Tamanho do colar: 7
Pedras ancestrais: (112742.7309,699510.8179),(167536.7499,340586.4688),(830725.7825,34062.8260),(950823.3790,405233.4921),(997350.9232,701871.9374),(820616.5922,908899.4290),(271884.9407,949003.8565)

Caso 81:
Tamanho do colar: 7
Pedras ancestrais: (3932.2687,371902.4883),(23863.8099,147769.5491),(688543.1025,217967.9785),(787322.4841,283890.1490),(819621.4088,757608.0081),(709866.8808,839974.9136),(429531.0458,744442.7055)

Caso 82:
Tamanho do colar: 4
Pedras ancestrais: (161878.1308,592777.2791),(677511.8517,29509.6940),(653144.6239,524074.2958),(283554.2598,790069.2572)

Caso 83:
Tamanho do colar: 7
Pedras ancestrais: (16643.0585,559484.8611),(141392.4947,362586.3190),(659095.7649,303105.2656),(696092.8476,306179.5090),(925566.4571,689980.5740),(991899.6658,918882.3035),(515889.4601,886486.3902)

Caso 84:
Tamanho do colar: 7
Pedras ancestrais: (176714.4071,263405.7084),(197537.0944,227075.8247),(557453.7252,136035.8341),(842357.3068,479974.5322),(847795.8254,892539.2363),(674990.0402,948789.7257),(350958.5469,511151.4084)

Caso 85:
Tamanho do colar: 5
Pedras ancestrais: (295924.9865,276553.2956),(993195.7288,123634.7633),(971669.7936,821963.1123),(490055.8858,995088.9901),(325222.7383,650647.0444)

Caso 86:
Tamanho do colar: 5
Pedras ancestrais: (97676.3401,884122.8438),(177957.1185,348323.7207),(755847.2694,56345.6444),(886232.9167,520827.2002),(771435.0584,983566.7823)

Caso 87:
Tamanho do colar: 6
Pedras ancestrais: (3483.2036,707114.0716),(163977.3322,145078.0911),(415684.9677,40871.3798),(977564.4854,277638.0716),(798977.0728,941439.3817),(289094.8938,829049.4087)

Caso 88:
Tamanho do colar: 8
Pedras ancestrais: (25625.8442,208624.5879),(199398.5479,139431.0764),(833309.0623,144723.2516),(850104.2817,152953.4968),(986398.3072,774694.0414),(899328.5546,922725.6437),(300517.8379,996526.6445),(107781.9216,498517.1744)

Caso 89:
Tamanho do colar: 10
Pedras ancestrais: (418.7433,249439.1127),(24333.9020,154037.2927),(652949.5433,15354.6692),(699244.1380,50903.8116),(997854.6463,976232.0887),(793641.7696,995517.1395),(337915.6681,985977.8230),(160385.6136,971525.7336),(120741.1447,922828.9221),(53124.1659,568032.6416)

Caso 90:
Tamanho do colar: 7
Pedras ancestrais: (369.0286,47775.2695),(823565.9547,17355.0404),(973552.3036,223316.8939),(991552.9985,373395.0088),(573691.9987,799866.7244),(346137.2660,976527.2970),(237666.8174,945003.3982)

Caso 91:
Tamanho do colar: 7
Pedras ancestrais: (14596.4472,314966.2923),(464468.3682,8752.8343),(944299.7014,10654.2802),(901863.9792,918487.0396),(719327.9199,921608.9078),(451882.5635,888518.5667),(58748.4682,493690.3741)

Caso 92:
Tamanho do colar: 7
Pedras ancestrais: (7605.7963,654831.5724),(190422.5474,221156.3045),(283107.5645,118250.2845),(527113.5662,123834.0038),(821860.9707,410007.0251),(940319.1727,641342.8492),(437673.7787,982387.6579)

Caso 93:
Tamanho do colar: 11
Pedras ancestrais: (19435.5731,142046.3112),(304259.5830,116549.6080),(638915.4190,178800.7121),(993376.6885,442126.7310),(946372.7820,933548.9397),(712662.0813,965546.1600),(616486.2504,952907.3714),(399307.2840,900217.9600),(366108.6471,891580.9016),(174534.7207,592745.6590),(76198.2517,335903.8145)

Caso 94:
Tamanho do colar: 8
Pedras ancestrais: (113814.0142,45144.9114),(353467.7813,66578.2451),(663224.2666,278631.9433),(985326.4140,559941.4454),(743819.2567,851693.8349),(563099.6451,975354.4469),(272379.8254,864222.8969),(135673.3017,771076.8172)

Caso 95:
Tamanho do colar: 6
Pedras ancestrais: (12053.5723,279818.8659),(792721.4657,49320.4985),(988771.5568,762283.7641),(512628.8139,941843.1981),(465601.6110,905228.5221),(76229.4954,443921.2384)

Caso 96:
Tamanho do colar: 6
Pedras ancestrais: (52816.8112,633138.4438),(228664.2212,387893.1182),(665578.8458,242245.4184),(883719.6495,234388.6188),(934996.2327,580317.8418),(981390.0277,984642.9274)

Caso 97:
Tamanho do colar: 7
Pedras ancestrais: (15550.3806,228848.3164),(247626.7852,101340.2401),(710715.9830,63239.8305),(996852.8444,440813.0494),(972865.9642,573359.7637),(774680.1437,980422.5365),(247748.3946,895457.2976)

Caso 98:
Tamanho do colar: 10
Pedras ancestrais: (13576.3140,943689.8596),(131668.7562,468756.3854),(245044.1548,324797.1741),(533010.8952,101007.4857),(821648.8737,18088.1640),(942422.1548,79566.2529),(997115.4999,296518.8174),(963115.6214,684720.6087),(936138.8054,985592.4894),(132066.7041,992763.1239)

Caso 99:
Tamanho do colar: 4
Pedras ancestrais: (288310.3419,52216.8935),(874176.0473,681260.3945),(737966.2193,783420.7499),(470856.4393,824366.2025)

Caso 100:
Tamanho do colar: 7
Pedras ancestrais: (60669.8460,825518.6269),(106074.6306,569722.6735),(591611.8321,138373.9478),(697118.3106,83580.0992),(893733.1301,752929.1279),(933431.5117,956587.7728),(821738.5666,986022.3052)

