Caso 1:
Tamanho do colar: 23
Pedras ancestrais: (0.2982,705.2070),(0.3313,150.7663),(2.5995,64.2276),(4.4981,37.3606),(4.6990,35.5939),(14.0398,2.9983),(25.6917,0.8928),(209.4658,0.4707),(945.3580,0.2101),(996.1443,6.5608),(997.9232,46.4595),(999.7590,126.0598),(999.9197,695.3538),(998.1627,935.8520),(997.6411,979.4974),(980.5017,995.9626),(972.4553,997.0488),(941.7312,998.8457),(824.8341,999.2049),(386.4062,999.9509),(36.5911,999.8127),(9.9633,998.9135),(0.5838,979.4842)

Caso 2:
Tamanho do colar: 27
Pedras ancestrais: (0.1631,775.3454),(0.2543,549.0105),(0.8414,108.0734),(2.3401,21.5467),(4.7494,7.1238),(13.2185,1.1283),(216.5613,0.4214),(382.9449,0.0395),(922.1771,0.0589),(983.5047,2.6541),(996.6666,3.9692),(999.5876,21.2182),(999.7854,495.7065),(999.7102,578.2708),(999.3468,949.5118),(997.9467,998.9670),(742.9668,999.4785),(543.7109,999.7382),(157.6262,999.7254),(63.8218,999.7051),(34.2615,998.6888),(28.2327,998.2821),(15.8922,997.1055),(7.4195,993.5102),(7.3408,993.4188),(6.3107,979.4970),(1.0587,887.5006)

Caso 3:
Tamanho do colar: 21
Pedras ancestrais: (0.1086,43.8117),(0.7559,5.9593),(28.4591,1.9624),(57.5220,0.8297),(183.9374,0.0526),(523.2545,0.0268),(948.3074,0.2668),(998.9678,24.8724),(999.8824,69.4908),(999.9264,975.3037),(994.3830,991.9651),(977.9014,998.8107),(951.8509,999.3695),(883.4340,999.7094),(380.1328,999.9182),(74.4450,999.6442),(41.2572,997.0497),(16.8182,993.8057),(3.8837,980.6347),(2.2508,970.5972),(0.1277,929.0035)

Caso 4:
Tamanho do colar: 29
Pedras ancestrais: (0.0133,260.4922),(0.5855,128.8835),(1.7109,40.3873),(3.8212,22.5473),(41.4496,10.7972),(62.3233,4.3336),(91.6763,0.2754),(468.4883,0.1060),(754.8925,0.1927),(883.1933,0.2834),(964.4785,3.6876),(990.8803,6.8025),(996.6850,10.3197),(999.3615,150.4040),(999.6021,171.0638),(999.8302,417.4670),(999.9682,613.5598),(999.5330,715.4048),(998.9470,827.9263),(996.3667,986.9547),(987.0585,998.6474),(960.1540,998.9125),(752.8276,999.5738),(556.9296,999.9736),(431.7791,999.9834),(193.9991,999.9989),(95.0228,999.0471),(5.2132,996.6281),(0.0369,984.4476)

Caso 5:
Tamanho do colar: 20
Pedras ancestrais: (0.0318,707.3266),(0.0940,37.7092),(2.7692,4.8978),(17.6801,0.8294),(173.2177,0.3428),(369.9680,0.1545),(803.8832,0.1065),(989.5042,0.2709),(999.9899,41.7072),(999.9978,148.4545),(999.2193,786.5182),(998.6738,915.3298),(997.8404,953.0870),(995.9122,996.2681),(989.7624,999.5427),(638.1350,999.8874),(378.4098,999.8945),(169.4863,998.9641),(54.5808,996.7888),(2.1924,994.2997)

Caso 6:
Tamanho do colar: 21
Pedras ancestrais: (0.2703,284.0768),(0.5691,69.7598),(1.4544,0.2973),(528.8550,0.0402),(924.8288,0.4696),(963.5397,1.5951),(975.2923,2.1235),(999.2817,9.0425),(999.9524,74.0295),(999.8948,645.3825),(999.8181,952.1529),(989.8950,997.1509),(867.6066,998.8656),(769.7056,999.9156),(491.3264,999.8523),(121.9071,999.5237),(32.7094,997.1037),(2.6446,992.0267),(1.0321,983.0397),(0.3518,619.9305),(0.2968,563.8357)

Caso 7:
Tamanho do colar: 25
Pedras ancestrais: (0.1281,39.3153),(0.9190,35.9871),(11.7202,11.5983),(18.5093,4.6953),(29.1109,0.1622),(881.8959,0.2892),(959.4196,4.0467),(989.1022,7.5672),(999.2110,31.7994),(999.7784,238.4230),(999.9454,658.4903),(999.8049,742.9144),(998.7755,947.5795),(998.1527,989.1394),(997.4283,991.7088),(959.9579,995.8170),(936.7057,996.6547),(878.3269,998.3849),(726.4573,999.7317),(148.4531,999.9035),(29.4137,999.2045),(4.5066,990.4831),(3.3399,969.1112),(0.4299,907.2126),(0.1366,620.8666)

Caso 8:
Tamanho do colar: 21
Pedras ancestrais: (0.0075,456.5692),(0.8025,106.2837),(6.3798,9.1683),(8.2467,0.3132),(327.2107,0.0610),(618.7005,0.2769),(866.7377,0.4803),(875.1663,0.6116),(996.0384,4.3765),(999.1747,31.6287),(999.4106,92.5907),(999.6807,167.5401),(999.7256,994.6131),(998.1346,997.3237),(957.1508,998.3142),(898.7980,999.4867),(693.1758,999.7963),(52.9741,999.7779),(22.7181,992.1091),(6.1833,983.2438),(0.0561,951.4071)

Caso 9:
Tamanho do colar: 18
Pedras ancestrais: (0.0058,757.9287),(0.1848,20.3840),(25.7175,4.2190),(62.4793,0.1723),(298.0179,0.0429),(974.2734,0.3142),(985.5236,15.2388),(993.7558,32.0070),(999.3499,95.6528),(999.9231,397.3125),(999.9465,917.9108),(995.3696,987.8908),(957.1678,999.6041),(720.4263,999.8832),(8.3800,999.8917),(4.8719,990.1989),(1.4649,972.9030),(0.1695,871.1262)

Caso 10:
Tamanho do colar: 22
Pedras ancestrais: (0.0890,880.2053),(0.2193,590.1568),(0.6994,56.6604),(2.6515,2.2991),(122.6224,0.7069),(143.6302,0.5215),(503.1179,0.1124),(692.1311,0.2108),(868.2950,0.3660),(921.9740,0.6107),(952.3032,2.8884),(996.8354,7.2301),(999.8709,37.1566),(999.9962,975.6271),(999.6541,997.2730),(891.9210,999.6314),(528.1454,999.8687),(166.5684,999.8347),(17.6980,997.1160),(11.2387,995.8278),(6.4487,994.0565),(2.2969,983.5437)

Caso 11:
Tamanho do colar: 22
Pedras ancestrais: (0.1959,981.4578),(0.2619,612.6133),(0.3020,410.2597),(0.4943,59.3025),(2.6384,28.5188),(3.6953,24.6122),(10.7484,2.2854),(24.0592,0.0001),(757.7872,0.0370),(965.9720,0.2849),(999.9006,35.1982),(999.8700,910.6425),(999.3533,979.3451),(995.7082,988.2949),(984.1785,998.8777),(961.1482,999.4274),(950.2621,999.6036),(771.6100,999.9372),(587.7032,999.9935),(120.1610,999.9462),(11.0888,999.4585),(8.4028,995.1761)

Caso 12:
Tamanho do colar: 24
Pedras ancestrais: (0.3548,797.0453),(0.5550,26.6858),(2.6361,4.0929),(111.6271,1.1336),(195.2205,0.5982),(826.4278,0.0709),(931.9270,1.8993),(939.3613,2.7998),(978.5676,8.6546),(998.0234,14.3755),(998.3474,32.2964),(999.7066,178.0431),(999.9125,391.2792),(999.9877,582.8513),(998.0602,964.4987),(997.3101,997.6517),(992.2976,998.7044),(980.1339,999.7579),(839.7581,999.9777),(31.6531,999.6184),(17.1537,996.1326),(6.1954,983.9715),(2.7357,969.6650),(0.4049,906.2738)

