Caso 1:
Tamanho do colar: 19
Pedras ancestrais: (17.2109,642865.1649),(321.1316,67434.3227),(1759.8167,8389.2585),(1955.8223,973.4650),(232409.3499,366.1562),(595516.7858,39.0554),(967169.6513,88.9504),(995493.1894,6027.6666),(999697.1658,19926.2982),(999879.4948,501570.0690),(999954.7880,853491.8527),(999355.8990,992950.3350),(938431.4649,998278.3990),(914445.1497,999940.8619),(276178.3067,999928.5189),(181263.4611,999384.9556),(53549.6858,998337.2228),(1266.4591,997709.9114),(858.2329,914229.7413)

Caso 2:
Tamanho do colar: 24
Pedras ancestrais: (325.2052,222297.6672),(781.7907,76641.8127),(4341.9406,43311.6752),(14933.9791,6725.6138),(302000.0895,554.2022),(861255.3095,68.2670),(958347.5639,2497.0780),(968615.3416,3509.6510),(994047.1959,35488.9324),(997128.0341,61260.9546),(999728.8526,382342.7594),(999601.3348,752074.8195),(999093.1794,893116.1182),(995143.9607,995784.7910),(982538.6243,997141.8044),(907642.9354,998130.4704),(810201.4354,998558.4203),(239779.7201,999874.8430),(143094.8038,999496.9797),(30651.2677,998820.3474),(6972.6903,994089.2725),(1736.5108,940076.7707),(735.4003,896009.3032),(464.5398,709520.4130)

Caso 3:
Tamanho do colar: 31
Pedras ancestrais: (102.7460,318308.4966),(478.6566,93672.3844),(839.9816,12636.0241),(28516.7229,4822.2431),(88201.6747,1020.1274),(182518.2489,266.6675),(385164.0015,162.4492),(773751.8344,157.4947),(844051.1687,303.6754),(933184.9257,1128.7462),(996488.2671,8069.8396),(997882.6780,14432.1714),(998849.1705,56472.0257),(999699.3725,175117.3477),(999849.4131,762277.6611),(999731.9149,917296.5161),(999668.2534,949269.2432),(999196.8717,961866.5047),(997015.2880,986076.6596),(959015.0974,995343.0688),(938032.3720,997603.8815),(893353.1922,998102.2312),(740832.3928,999674.2496),(525626.0318,999872.2065),(219945.4277,999974.6273),(104652.2957,999436.2608),(42493.3853,997951.8202),(3027.2923,994604.0300),(1716.5255,959485.5910),(313.3174,802450.6710),(292.8675,775120.5455)

Caso 4:
Tamanho do colar: 23
Pedras ancestrais: (17.4783,566404.1022),(392.2277,80897.4418),(1486.4333,18384.3992),(17512.5727,57.3770),(794712.0854,152.7680),(972207.1023,415.6919),(990220.9925,3047.8175),(994372.7731,5174.9665),(997158.4712,8755.3859),(999468.5159,62990.1973),(999744.4245,101005.9632),(999960.1238,663965.4837),(999714.6380,952356.6897),(994894.8460,971143.2092),(987203.5176,997535.4414),(977481.1823,999755.7595),(332458.1106,999864.1415),(125660.0567,999859.8156),(102002.1999,999679.8618),(21960.0303,997638.2644),(1419.3746,994053.1469),(278.1109,906079.9560),(214.8421,829767.6123)

Caso 5:
Tamanho do colar: 23
Pedras ancestrais: (31.3279,143810.6070),(5447.6586,38467.1004),(9086.0207,21327.2475),(17639.3861,4987.0352),(20968.3056,3303.6364),(78651.6296,1569.2466),(600272.0675,364.9627),(681141.6950,325.5959),(859021.1874,292.8971),(906547.5904,394.9132),(990807.2740,7023.9138),(999199.0559,17499.6411),(999551.2723,216099.5439),(999879.1244,706394.2152),(999959.4342,915468.6262),(998938.0755,965607.5198),(996145.1360,979106.9084),(991462.6387,999960.0525),(103748.4430,999799.5224),(13024.2916,987197.3884),(6976.3611,986335.8095),(4188.0391,938732.9291),(51.6406,855075.2905)

Caso 6:
Tamanho do colar: 19
Pedras ancestrais: (10.1630,955413.3188),(338.3136,170627.8637),(1122.8588,15083.4929),(1403.9730,2423.9775),(696100.4691,83.2527),(918692.8926,32.1138),(983174.5675,4088.9711),(997540.9896,59197.6089),(999024.2095,102158.5375),(999582.7178,361086.2210),(999785.6426,631025.7591),(999500.5867,983586.2598),(990529.3142,989166.3524),(968006.9256,998223.0026),(807403.9152,999340.9353),(586950.3768,999987.7231),(194780.8956,999312.3145),(60881.6729,998504.2910),(6578.5173,993917.5414)

Caso 7:
Tamanho do colar: 16
Pedras ancestrais: (415.8426,66322.9772),(6016.1342,27425.9109),(67197.8821,214.7012),(801945.2709,348.6211),(888624.3884,2397.8537),(993608.3419,8272.5165),(996624.0541,137702.6330),(999640.3128,320467.3589),(995165.6105,876823.9015),(991087.5823,985311.3748),(948084.2683,991329.1438),(692564.1134,999375.3166),(60803.2840,999335.0833),(29777.2816,966846.2080),(21639.7365,926685.9982),(1439.0669,818557.5995)

Caso 8:
Tamanho do colar: 21
Pedras ancestrais: (1633.6909,153602.2769),(3118.7819,84818.5791),(9729.0045,23817.9059),(52925.1147,15029.7526),(209967.1541,550.3384),(676306.1247,1102.2755),(908877.2445,6275.9974),(948593.3109,12373.9615),(998020.2137,25594.1834),(998918.3383,48971.9664),(999765.4241,602524.7113),(998226.6080,957310.1030),(969660.9091,985987.5267),(882417.4094,999058.0226),(803833.0144,999901.9326),(22926.5859,999989.7783),(14672.8710,981922.4243),(9867.5802,936779.9114),(5243.2555,830089.9113),(4131.3595,789762.2668),(2126.5600,714929.3439)

Caso 9:
Tamanho do colar: 24
Pedras ancestrais: (5.1986,237082.2038),(285.5449,90444.4151),(1015.4527,24603.9517),(7129.6881,825.8287),(953193.9138,138.3586),(958775.3067,886.6826),(967772.7023,4041.8030),(986177.2381,12161.7826),(992267.8178,35760.5160),(997170.6951,84695.2537),(999667.0950,162988.6224),(999632.3984,428770.1946),(998816.7006,880942.3544),(997558.5801,922019.1652),(982619.8146,991011.7222),(980340.4990,995733.9206),(977543.3623,998432.7597),(968877.0891,999795.5534),(128066.0394,999556.9018),(20994.3756,994325.8233),(5987.3278,990996.1866),(2765.2752,977560.2993),(1119.8003,884180.2670),(171.8478,640154.6347)

Caso 10:
Tamanho do colar: 18
Pedras ancestrais: (70.8695,138239.2470),(2256.9143,28753.4185),(3035.5091,5668.5694),(73615.1587,160.5908),(920709.2883,415.7973),(996867.7156,1631.5296),(999668.5573,22031.8606),(999930.8836,304227.1584),(999854.3706,511767.2931),(999397.7952,800021.9153),(998750.5200,947491.7006),(997514.1308,960887.3907),(994136.5302,991858.7929),(960462.4032,997985.6436),(825066.5539,999981.0339),(113616.0171,999795.4777),(17741.7373,998462.6517),(215.4272,966621.2353)

Caso 11:
Tamanho do colar: 27
Pedras ancestrais: (64.1653,384576.6548),(3412.9429,40611.0049),(13620.1890,3657.2818),(14898.4031,1936.9902),(128458.7882,671.3671),(461394.7644,101.0173),(584124.4680,58.7581),(668410.7768,90.9366),(719997.8353,636.7976),(981889.6530,7253.7495),(993475.4394,13964.0679),(999447.4452,34472.3155),(999783.2637,420026.1073),(999899.5538,663235.3085),(999611.7519,964412.9504),(999038.7089,970565.0931),(980913.6383,992488.7069),(961782.6124,995853.9634),(881131.6339,998555.3805),(651840.0028,999863.2138),(244383.6728,999203.4839),(47303.9482,997959.4900),(6280.4185,981370.6813),(1790.2070,964127.8189),(1107.1274,873805.6449),(148.0884,722499.9137),(83.4354,638537.3285)

Caso 12:
Tamanho do colar: 27
Pedras ancestrais: (136.7730,177454.9776),(803.3449,21104.5847),(1311.0637,4897.2455),(41810.7706,1116.7535),(310425.5420,235.3777),(486653.4579,84.3056),(790805.5478,404.5022),(860059.3234,743.5398),(967371.0035,3610.9233),(987385.6502,9193.6360),(996321.6496,12727.0251),(999124.1988,111755.8147),(999994.8189,149473.0481),(999984.2861,370624.7803),(999815.2050,491901.7175),(998897.6494,722476.6408),(997445.1676,983252.4664),(993433.5360,998648.2861),(826372.1000,999864.4311),(268364.3082,999887.6359),(64559.7932,999429.2614),(20130.4377,998059.0784),(6123.8138,974757.5851),(4329.3651,951054.6533),(2965.1544,931559.7353),(1007.4040,865339.6550),(854.6932,820412.9043)

Caso 13:
Tamanho do colar: 22
Pedras ancestrais: (158.1321,344902.5320),(630.6629,200760.8627),(744.2889,180719.1777),(4698.7045,52820.5653),(7336.8182,6689.9585),(54237.6663,427.4127),(400608.2199,479.7646),(780308.7779,846.4001),(962423.5339,2175.7079),(991287.9652,19592.7897),(997722.1431,36371.4691),(998465.5978,68253.5946),(999412.4655,191408.9912),(999743.8397,769448.4406),(996293.1622,977335.3258),(991669.6773,987770.0163),(972685.1756,992207.2645),(940993.7509,999602.6014),(473430.5608,999993.4507),(99630.5541,999420.4531),(15776.7436,994350.4467),(360.9528,920215.4941)

Caso 14:
Tamanho do colar: 29
Pedras ancestrais: (86.3619,530805.8996),(457.4912,44192.3366),(635.1881,39595.0193),(2305.4353,28934.3491),(7754.7656,9599.1387),(53608.3119,3514.9298),(88745.0476,1821.8810),(99419.5545,1519.6248),(153248.4191,1225.6777),(250782.8417,986.2557),(760523.5914,425.3993),(974690.1279,328.7714),(981800.1072,807.7003),(995195.0870,15721.7479),(997662.8677,51611.6125),(998725.8391,77462.2907),(999899.2964,113266.0557),(999901.6911,747177.6231),(999525.8047,920534.7471),(992822.6008,988566.8349),(980108.9095,998845.8377),(855855.5265,999116.9281),(723634.7891,999297.5208),(469927.4428,999617.2161),(138756.1383,999788.1274),(38700.2179,998812.9038),(1745.0100,998360.3974),(687.5315,927423.5090),(184.4274,857448.9642)

Caso 15:
Tamanho do colar: 23
Pedras ancestrais: (149.8231,377275.2170),(905.1068,56149.8207),(5831.3064,25911.6502),(20282.0398,7340.7817),(80314.7460,2179.7009),(162523.6947,485.6018),(539309.1282,156.4336),(951466.1764,752.2278),(961704.1682,4888.9548),(987125.1173,16204.4078),(998172.0589,54352.2102),(999634.6446,248557.4978),(999672.4362,711483.5845),(997896.1508,909616.3450),(995186.2338,992830.1133),(993836.9393,995668.5522),(972211.4597,997145.4699),(833674.9993,999669.3997),(395547.4882,999648.8881),(32143.5393,999345.2551),(3706.6146,982490.0392),(1076.3271,792031.1607),(188.0317,649299.4185)

Caso 16:
Tamanho do colar: 26
Pedras ancestrais: (939.7311,458569.4421),(1451.4676,85477.5440),(3280.0468,24327.6788),(36790.5065,4534.1186),(81670.2348,948.6721),(135168.4612,286.1653),(411767.2458,74.1333),(844603.1298,856.7121),(894386.2906,2212.4072),(975030.9722,5243.4372),(992778.9868,31639.9776),(998919.7953,70114.5671),(999576.8213,155373.0003),(999656.6194,431567.7231),(998596.9600,652122.0216),(996884.8971,929316.9248),(992998.1330,984151.3243),(992513.2507,985287.6277),(970754.6085,995014.5704),(739254.6342,998397.8299),(510153.0919,999589.8134),(154382.6395,999997.4861),(38179.3137,999208.7597),(20763.9373,995516.4297),(1566.6864,967781.8442),(1014.5231,539347.5113)

Caso 17:
Tamanho do colar: 21
Pedras ancestrais: (39.7669,640622.5046),(133.1163,435502.7192),(620.7065,43324.4148),(3439.0631,16487.3795),(11627.9859,6360.5939),(79010.8391,213.6606),(91080.0122,98.2830),(940523.8372,114.9615),(965311.2248,1934.5249),(999827.0347,11204.8934),(999913.3780,537935.1336),(999836.9615,858979.3010),(999741.1287,950621.5197),(995526.5654,992494.0975),(976847.1836,994835.5436),(700024.3693,999781.1803),(390740.9002,999604.2615),(147352.2347,999272.5003),(24584.0457,995992.3532),(5434.3958,988289.0467),(506.4456,976726.9326)

Caso 18:
Tamanho do colar: 27
Pedras ancestrais: (108.5377,699595.7123),(749.8532,174984.9610),(1684.3714,21458.1824),(11158.9195,6230.8917),(29505.2604,1016.6591),(181892.7970,360.5636),(302164.7566,8.6871),(500694.0964,41.8127),(720569.5146,102.1597),(939676.9577,191.5510),(984990.4243,5929.7731),(998360.4812,11157.9288),(999934.4550,77127.9176),(999921.9478,476236.8668),(999450.1824,969347.6053),(998860.3814,975062.4457),(993921.3638,981146.1049),(977057.0547,992039.3954),(968585.3912,995024.3211),(926384.9281,996890.4285),(914617.4915,997241.4601),(600848.1415,999533.7522),(402536.1090,999977.2588),(50405.5455,999496.9134),(22067.6113,995433.9679),(13896.5853,990522.4615),(271.1897,967973.9700)

Caso 19:
Tamanho do colar: 24
Pedras ancestrais: (98.6082,120857.9909),(2040.3839,73017.9510),(5210.0514,14718.6150),(7447.0213,10486.8004),(20600.1348,6968.0474),(58683.7462,190.2398),(326542.0764,19.0593),(901618.4577,266.0734),(979964.6376,3877.6043),(991715.5667,4820.3278),(994853.5280,17366.0906),(999537.2742,39374.2645),(999715.9564,57461.5625),(999974.5447,692961.5119),(999758.7119,972312.1405),(997153.5857,997627.8235),(566845.4005,999940.0353),(459748.1950,999486.1173),(37503.2014,996468.6332),(23989.0893,993061.8861),(11854.2204,964978.4159),(8200.6981,949919.7672),(1438.8620,901138.7028),(380.5459,506401.1479)

Caso 20:
Tamanho do colar: 22
Pedras ancestrais: (227.9035,492143.9909),(2338.9131,10263.2586),(111549.3514,3681.5851),(361896.4861,187.9831),(515064.4290,61.7764),(901448.7113,2780.7934),(947341.5156,4357.5326),(988438.9288,13502.6312),(992910.4931,28124.0954),(994741.0209,83411.2858),(999795.9584,553806.8530),(999332.4738,741267.0826),(998689.2708,975969.3857),(989252.8261,984856.1144),(977108.4919,987420.7050),(906432.1784,998972.3192),(820006.9875,999805.0264),(185413.1070,999411.6976),(20396.3093,993717.7275),(1797.0425,990668.3017),(1742.0231,983243.8425),(667.4917,739840.2161)

Caso 21:
Tamanho do colar: 18
Pedras ancestrais: (16.4024,678307.8195),(1022.8170,341742.9093),(3093.3332,31312.0371),(27702.2567,2013.1792),(60481.0357,827.7976),(647582.5104,266.6590),(797472.1706,1467.2361),(985369.9938,3188.3905),(998175.5761,69729.2556),(998886.5296,307903.1696),(999328.5782,734506.6837),(998003.9099,939398.1114),(991868.3596,986795.8934),(968840.0592,998744.8488),(487548.0316,999731.0086),(409297.4409,999791.9884),(1536.2904,996112.0790),(699.8119,923885.1291)

Caso 22:
Tamanho do colar: 19
Pedras ancestrais: (201.6981,955120.7542),(925.4918,6018.6657),(32826.3499,777.7506),(141833.3238,463.8792),(883990.7133,1987.6332),(953670.8804,4300.6966),(989192.6029,11041.4798),(990033.1621,12027.3155),(999712.9517,61261.8687),(999889.8835,872368.4216),(998011.6814,968923.7237),(994419.3691,995450.2562),(956031.1175,998669.3236),(767957.7551,999651.5031),(78333.1268,999239.9914),(53433.0633,996563.4655),(32217.4834,992389.4982),(5699.7908,977268.4608),(523.4119,968265.6013)

Caso 23:
Tamanho do colar: 23
Pedras ancestrais: (367.4674,295617.8202),(1575.5859,2710.2602),(25384.2062,384.4292),(32613.7498,67.2653),(313625.5261,131.8369),(763088.3991,277.2470),(967413.6707,2092.9415),(989346.8496,12794.8905),(997407.8479,23597.0681),(999505.6371,213620.9889),(999972.3955,489947.8725),(998570.9629,893765.6627),(997641.2186,963526.5421),(992635.2149,981336.3181),(973933.3669,993339.2346),(941971.2939,996455.3529),(860460.3542,999663.4872),(162425.1553,999472.5038),(6825.8469,999221.0811),(1834.2643,998030.0648),(1655.0262,985035.4977),(776.4512,870999.8875),(398.0290,454213.1801)

Caso 24:
Tamanho do colar: 15
Pedras ancestrais: (6281.2477,945617.7836),(9900.6332,725767.4571),(33504.4512,118921.8550),(124671.0660,36287.1311),(224932.2355,21079.8217),(557172.3967,2779.4322),(906688.7155,19002.8052),(992975.9755,100380.1002),(997151.2179,170917.5218),(999523.7344,932318.9399),(992224.6920,949355.0032),(790019.4988,980319.3005),(173661.5507,994053.6462),(45887.5845,994383.9926),(35060.5994,986727.2176)

Caso 25:
Tamanho do colar: 25
Pedras ancestrais: (264.1042,648170.7585),(327.5679,152636.2172),(529.6419,109377.7972),(901.5849,64167.0870),(3880.4462,16865.0377),(45449.7610,6539.5423),(152057.4230,1766.6763),(439679.1461,88.6673),(771010.6747,139.2974),(929131.9467,3317.8862),(951353.8846,4533.3736),(998480.5889,44539.8845),(999866.2600,64658.2686),(999292.6854,261384.3930),(998533.4760,512477.0764),(998174.8047,610183.7273),(996692.1301,991998.6020),(962126.5180,993427.0788),(764504.1155,998244.1870),(555818.1035,999448.8053),(533181.9001,999569.1843),(227282.6195,999759.7570),(17160.4964,999752.0457),(13182.0194,998806.9583),(1823.5153,993816.3367)

Caso 26:
Tamanho do colar: 23
Pedras ancestrais: (128.5359,152705.9156),(673.4286,23207.6218),(2662.5556,14009.9507),(21450.9714,4292.2645),(27939.9124,3611.3265),(105511.5969,278.8124),(205789.4653,258.6918),(917764.8411,219.2801),(985400.2149,350.8624),(996819.8190,8287.5237),(999009.2993,92259.7616),(999762.1373,950636.6894),(998684.8255,979721.7613),(979536.1644,992694.6585),(958902.2830,999279.1230),(870084.3617,999412.1320),(516577.4504,999905.1993),(288620.5002,999975.3351),(152486.3418,999883.2731),(76394.7067,997517.5349),(11569.7276,994988.4649),(4426.4523,975094.3400),(151.4238,947864.5782)

Caso 27:
Tamanho do colar: 28
Pedras ancestrais: (217.0314,410586.5949),(288.7519,214198.4636),(1231.1784,76345.0807),(2650.2755,43007.5155),(2894.6836,37731.6574),(4950.7792,4057.2224),(6173.2636,1074.4811),(100130.1131,829.5185),(653428.9949,222.5424),(889469.1166,392.7975),(895411.1460,445.9598),(978465.1469,1497.1617),(986851.4132,9160.0451),(992764.9059,16425.2883),(994203.8151,30090.0775),(999884.2414,101915.9408),(999830.5189,396277.8117),(999612.7134,864689.9946),(998753.2965,997494.5278),(914531.9955,999061.0068),(828294.8988,999673.0512),(490634.8040,999912.2615),(267158.1431,999793.3070),(36029.3599,999655.8774),(10125.8266,997388.7477),(2440.6308,987706.9828),(1134.4143,861340.9100),(384.8387,661220.5549)

Caso 28:
Tamanho do colar: 20
Pedras ancestrais: (207.9218,145104.8704),(288.2782,121565.6962),(1285.3265,84145.3819),(3672.0838,5000.8468),(140581.3071,1083.8604),(254399.8882,27.4501),(961556.6118,155.8590),(996491.6557,12199.8992),(999556.4882,364197.0130),(998534.3944,958285.5570),(990033.5898,983734.6025),(986727.5331,988350.4329),(950964.9711,996295.4238),(751574.8564,999286.7836),(454251.1862,999930.3228),(126234.3732,999478.4746),(35529.0836,998755.9075),(4935.9599,993417.5235),(4809.9940,991331.7298),(456.2749,883831.4803)

Caso 29:
Tamanho do colar: 26
Pedras ancestrais: (176.2319,631931.2402),(397.8130,149611.5936),(2852.0712,71826.7982),(9484.3635,5577.9579),(12833.4727,1257.1057),(24772.9175,1091.5639),(215379.5280,249.1461),(468449.8950,490.5224),(976540.1430,2005.7846),(983535.2845,4505.9139),(996230.0239,11985.3640),(997876.2170,17670.5548),(998761.5312,236035.2567),(999782.2013,514772.9923),(999313.5941,841982.1409),(999049.6695,913714.8565),(994644.9287,950344.2389),(987037.6325,991641.8514),(914162.9532,997593.1361),(906590.5794,997991.7783),(800565.0822,999293.2016),(654728.8675,999750.6068),(91130.0090,999332.1763),(42585.8667,997087.3468),(8969.9775,990925.7451),(927.0491,945680.1225)

Caso 30:
Tamanho do colar: 28
Pedras ancestrais: (225.3044,289094.9248),(4026.6053,132589.1957),(11319.6585,26131.3589),(15564.1024,12681.9295),(79007.8088,2878.8962),(113335.6540,963.5508),(251108.0500,35.1652),(805375.3934,759.2429),(892330.2466,1035.5181),(908551.5128,1805.2948),(929300.2218,3688.2977),(987524.2304,9284.6049),(998985.8488,167091.6563),(999735.3648,398885.7189),(999867.4371,635898.0991),(999520.4270,958481.8213),(984349.9352,989669.8157),(964397.2091,996666.0503),(872376.3679,998795.3728),(749991.4688,999466.3597),(273289.6597,999645.2502),(179562.0151,998083.7390),(38435.2082,993156.1168),(15407.6334,988617.9030),(4632.0947,982371.6913),(4464.1116,981634.1034),(913.3981,827105.9352),(493.9516,687989.7185)

Caso 31:
Tamanho do colar: 25
Pedras ancestrais: (5.6202,581732.2568),(80.2377,464244.2459),(164.4360,336154.3562),(394.7994,236982.9382),(1722.3499,166477.4649),(7490.5554,13719.9376),(26590.3986,4823.0457),(57107.3452,1573.7505),(302440.0979,472.5870),(592859.0842,17.8576),(966471.1488,471.5243),(998143.0602,577.7604),(999480.9511,141799.6430),(999729.4526,972977.5170),(998630.3828,995267.9904),(986124.5915,999644.3670),(899063.9892,999896.6872),(93833.2387,999992.1770),(62388.9168,999132.8162),(29425.5819,994179.6974),(10326.6781,991114.4429),(4341.7600,950316.3481),(1301.1764,881955.4508),(621.0909,832031.8432),(27.2000,647047.4154)

Caso 32:
Tamanho do colar: 21
Pedras ancestrais: (787.6498,513745.6832),(1998.8039,39992.5113),(19518.7986,17536.0308),(26442.4922,12603.8510),(45386.8519,796.2138),(370601.7363,581.8129),(786586.3520,1156.6683),(860126.2210,1505.2080),(916978.0513,3692.2030),(933391.5705,6692.1177),(977807.6807,23122.4718),(997699.2679,81664.5787),(998840.8144,343524.2681),(999983.2497,657881.4853),(996922.9187,927385.4310),(983030.5172,960538.5075),(965406.2441,995479.5860),(688431.2832,998997.0255),(190464.1084,999042.3080),(7322.9206,994273.0950),(1154.4369,903423.9194)

Caso 33:
Tamanho do colar: 17
Pedras ancestrais: (83.9969,769701.8968),(795.4276,55430.5678),(1540.5396,43138.0392),(14572.8257,9550.0940),(19716.2033,1132.6939),(877843.1019,175.2660),(907654.2759,637.3749),(953658.2662,2082.8231),(999498.4531,8228.9953),(999838.5726,548892.7789),(999800.1525,988444.2525),(995516.1399,991518.4548),(989593.1058,994661.0527),(834777.2347,999280.3653),(380770.0219,999897.7570),(16352.9562,998166.1053),(157.6074,929606.9058)

Caso 34:
Tamanho do colar: 17
Pedras ancestrais: (235.1052,848650.6200),(511.5334,172259.1829),(3256.4514,124994.4831),(18625.1807,57926.3252),(30943.5013,4817.5153),(353757.4130,813.8559),(758921.6129,1808.8682),(951534.0578,3868.2273),(998353.5794,4393.5744),(999976.5539,311942.4389),(994841.8346,901566.0996),(993614.4559,966033.8795),(919846.0847,997774.2765),(357639.7567,999524.6516),(24657.3489,998334.0045),(7627.3148,992887.1396),(1927.4379,912970.7902)

Caso 35:
Tamanho do colar: 19
Pedras ancestrais: (734.8082,990755.4211),(785.4522,73613.0605),(5175.6883,1987.0478),(13759.1869,829.5446),(198131.6377,84.5249),(358419.8669,303.9727),(760274.6737,903.4023),(932307.0294,1529.8862),(991123.7681,2529.0678),(991726.4414,5201.1158),(999786.8324,94690.8608),(999931.5428,294796.3499),(999676.4624,556597.2041),(998136.3620,995633.3127),(987745.3425,998158.2659),(945543.7759,999983.4166),(351913.4437,999786.5419),(46768.5735,998990.7103),(22372.3569,996228.4360)

Caso 36:
Tamanho do colar: 25
Pedras ancestrais: (303.7475,593506.1348),(465.6720,301225.4474),(1310.4301,166532.3795),(2558.4368,40800.6688),(9662.0056,20813.5434),(57371.8031,9867.2031),(95081.2546,3537.0084),(174073.4625,140.3960),(272589.8216,105.8005),(926860.4062,159.3049),(957892.9477,2579.8014),(990866.5049,7314.3824),(994990.6228,14612.6404),(996706.0427,20184.3805),(998719.0015,99112.9755),(999367.1937,152954.7105),(999927.2550,712576.7602),(999306.1488,978794.4415),(981888.1109,998298.8615),(709107.4259,999672.8000),(558566.4956,999874.4045),(96882.6984,999577.7110),(17326.5411,993895.5224),(5414.2426,986688.2194),(455.7646,960587.1636)

